<?xml version="1.0" encoding="UTF-8"?>
<!-- Generated by org.testng.reporters.JUnitReportReporter -->
<testsuite hostname="ATMECSINLT-1060" failures="0" tests="3" name="testcase.MyFirstTestFW" time="78.362" errors="0" timestamp="2023-10-17T15:16:34 IST" skipped="0">
  <testcase classname="testcase.MyFirstTestFW" name="LoginTest" time="25.177"/>
  <system-out/>
  <testcase classname="testcase.MyFirstTestFW" name="LoginTest" time="26.305"/>
  <system-out/>
  <testcase classname="testcase.MyFirstTestFW" name="LoginTest" time="26.880"/>
  <system-out/>
</testsuite> <!-- testcase.MyFirstTestFW -->
